\BOOKMARK [0][-]{chapter.1}{Introduction}{}% 1
\BOOKMARK [1][-]{section.1.1}{Purpose of the System}{chapter.1}% 2
\BOOKMARK [1][-]{section.1.2}{Scope of the System}{chapter.1}% 3
\BOOKMARK [1][-]{section.1.3}{Objectives and Success Criteria of the System}{chapter.1}% 4
\BOOKMARK [1][-]{section.1.4}{Definitions, acronyms and abbreviations}{chapter.1}% 5
\BOOKMARK [-1][-]{part.1}{I Requirement Analysis Document}{}% 6
\BOOKMARK [0][-]{chapter.2}{Current System}{part.1}% 7
\BOOKMARK [0][-]{chapter.3}{Proposed System}{part.1}% 8
\BOOKMARK [1][-]{section.3.1}{Overview}{chapter.3}% 9
\BOOKMARK [1][-]{section.3.2}{Functional Requirements}{chapter.3}% 10
\BOOKMARK [1][-]{section.3.3}{Nonfunctional Requirements}{chapter.3}% 11
\BOOKMARK [2][-]{subsection.3.3.1}{Usability}{section.3.3}% 12
\BOOKMARK [2][-]{subsection.3.3.2}{Reliability}{section.3.3}% 13
\BOOKMARK [2][-]{subsection.3.3.3}{Performance}{section.3.3}% 14
\BOOKMARK [2][-]{subsection.3.3.4}{Maintainability}{section.3.3}% 15
\BOOKMARK [2][-]{subsection.3.3.5}{Implementation}{section.3.3}% 16
\BOOKMARK [2][-]{subsection.3.3.6}{Interface}{section.3.3}% 17
\BOOKMARK [2][-]{subsection.3.3.7}{Packaging}{section.3.3}% 18
\BOOKMARK [2][-]{subsection.3.3.8}{Legal}{section.3.3}% 19
\BOOKMARK [0][-]{chapter.4}{System Models}{part.1}% 20
\BOOKMARK [1][-]{section.4.1}{Use Case Models}{chapter.4}% 21
\BOOKMARK [2][-]{subsection.4.1.1}{Scenarios}{section.4.1}% 22
\BOOKMARK [2][-]{subsection.4.1.2}{Use Case Model}{section.4.1}% 23
\BOOKMARK [2][-]{subsection.4.1.3}{Use Cases}{section.4.1}% 24
\BOOKMARK [1][-]{section.4.2}{Domain Object Models}{chapter.4}% 25
\BOOKMARK [1][-]{section.4.3}{Dynamic Models}{chapter.4}% 26
\BOOKMARK [2][-]{subsection.4.3.1}{Use Case Sequence Diagrams}{section.4.3}% 27
\BOOKMARK [2][-]{subsection.4.3.2}{State Diagrams}{section.4.3}% 28
\BOOKMARK [1][-]{section.4.4}{User Interfaces}{chapter.4}% 29
\BOOKMARK [2][-]{subsection.4.4.1}{Graphical User Interface for Operator}{section.4.4}% 30
\BOOKMARK [-1][-]{part.2}{II Software Design Document}{}% 31
\BOOKMARK [0][-]{chapter.5}{Current Software Architecture}{part.2}% 32
\BOOKMARK [0][-]{chapter.6}{Proposed Software Architecture}{part.2}% 33
\BOOKMARK [1][-]{section.6.1}{Design Goals}{chapter.6}% 34
\BOOKMARK [1][-]{section.6.2}{Overview}{chapter.6}% 35
\BOOKMARK [1][-]{section.6.3}{Subsystem Decomposition}{chapter.6}% 36
\BOOKMARK [1][-]{section.6.4}{Persistent Data Management}{chapter.6}% 37
\BOOKMARK [1][-]{section.6.5}{Access Control and Security}{chapter.6}% 38
\BOOKMARK [1][-]{section.6.6}{Global Software Control}{chapter.6}% 39
\BOOKMARK [1][-]{section.6.7}{Boundary Conditions}{chapter.6}% 40
\BOOKMARK [-1][-]{part.3}{III Object Design Document}{}% 41
\BOOKMARK [0][-]{chapter.7}{Object Design and Patterns}{part.3}% 42
\BOOKMARK [1][-]{section.7.1}{Object Design}{chapter.7}% 43
\BOOKMARK [1][-]{section.7.2}{Interfaces}{chapter.7}% 44
\BOOKMARK [1][-]{section.7.3}{Design Patterns}{chapter.7}% 45
\BOOKMARK [-1][-]{part.4}{IV Test Document}{}% 46
\BOOKMARK [0][-]{chapter.8}{Test Plan and Results}{part.4}% 47
\BOOKMARK [1][-]{section.8.1}{Overall Test Approach}{chapter.8}% 48
\BOOKMARK [1][-]{section.8.2}{Component / Unit Testing}{chapter.8}% 49
\BOOKMARK [1][-]{section.8.3}{Integration Testing}{chapter.8}% 50
\BOOKMARK [1][-]{section.8.4}{System Testing}{chapter.8}% 51
